<?xml version="1.0" encoding="UTF-8"?>
<testsuite name="com.dev.sprinboot.lesson.service.GreetingServiceTest" tests="1" skipped="0" failures="0" errors="0" timestamp="2024-04-18T20:00:56" hostname="DESKTOP-PJ8248D" time="2.443">
  <properties/>
  <testcase name="testGreeting()" classname="com.dev.sprinboot.lesson.service.GreetingServiceTest" time="2.443"/>
  <system-out><![CDATA[23:00:48.749 [Test worker] DEBUG org.springframework.test.context.BootstrapUtils - Instantiating CacheAwareContextLoaderDelegate from class [org.springframework.test.context.cache.DefaultCacheAwareContextLoaderDelegate]
23:00:48.887 [Test worker] DEBUG org.springframework.test.context.BootstrapUtils - Instantiating BootstrapContext using constructor [public org.springframework.test.context.support.DefaultBootstrapContext(java.lang.Class,org.springframework.test.context.CacheAwareContextLoaderDelegate)]
23:00:49.189 [Test worker] DEBUG org.springframework.test.context.BootstrapUtils - Instantiating TestContextBootstrapper for test class [com.dev.sprinboot.lesson.service.GreetingServiceTest] from class [org.springframework.boot.test.context.SpringBootTestContextBootstrapper]
23:00:49.252 [Test worker] INFO org.springframework.boot.test.context.SpringBootTestContextBootstrapper - Neither @ContextConfiguration nor @ContextHierarchy found for test class [com.dev.sprinboot.lesson.service.GreetingServiceTest], using SpringBootContextLoader
23:00:49.295 [Test worker] DEBUG org.springframework.test.context.support.AbstractContextLoader - Did not detect default resource location for test class [com.dev.sprinboot.lesson.service.GreetingServiceTest]: class path resource [com/dev/sprinboot/lesson/service/GreetingServiceTest-context.xml] does not exist
23:00:49.298 [Test worker] DEBUG org.springframework.test.context.support.AbstractContextLoader - Did not detect default resource location for test class [com.dev.sprinboot.lesson.service.GreetingServiceTest]: class path resource [com/dev/sprinboot/lesson/service/GreetingServiceTestContext.groovy] does not exist
23:00:49.307 [Test worker] INFO org.springframework.test.context.support.AbstractContextLoader - Could not detect default resource locations for test class [com.dev.sprinboot.lesson.service.GreetingServiceTest]: no resource found for suffixes {-context.xml, Context.groovy}.
23:00:49.312 [Test worker] INFO org.springframework.test.context.support.AnnotationConfigContextLoaderUtils - Could not detect default configuration classes for test class [com.dev.sprinboot.lesson.service.GreetingServiceTest]: GreetingServiceTest does not declare any static, non-private, non-final, nested classes annotated with @Configuration.
23:00:50.244 [Test worker] DEBUG org.springframework.context.annotation.ClassPathScanningCandidateComponentProvider - Identified candidate component class: file [C:\Users\Mers\Music\spring-boot-lesson\build\classes\java\main\com\dev\sprinboot\lesson\SpringBootLessonApplication.class]
23:00:50.259 [Test worker] INFO org.springframework.boot.test.context.SpringBootTestContextBootstrapper - Found @SpringBootConfiguration com.dev.sprinboot.lesson.SpringBootLessonApplication for test class com.dev.sprinboot.lesson.service.GreetingServiceTest
23:00:51.003 [Test worker] DEBUG org.springframework.boot.test.context.SpringBootTestContextBootstrapper - @TestExecutionListeners is not present for class [com.dev.sprinboot.lesson.service.GreetingServiceTest]: using defaults.
23:00:51.005 [Test worker] INFO org.springframework.boot.test.context.SpringBootTestContextBootstrapper - Loaded default TestExecutionListener class names from location [META-INF/spring.factories]: [org.springframework.boot.test.autoconfigure.restdocs.RestDocsTestExecutionListener, org.springframework.boot.test.autoconfigure.web.client.MockRestServiceServerResetTestExecutionListener, org.springframework.boot.test.autoconfigure.web.servlet.MockMvcPrintOnlyOnFailureTestExecutionListener, org.springframework.boot.test.autoconfigure.web.servlet.WebDriverTestExecutionListener, org.springframework.boot.test.autoconfigure.webservices.client.MockWebServiceServerTestExecutionListener, org.springframework.boot.test.mock.mockito.MockitoTestExecutionListener, org.springframework.boot.test.mock.mockito.ResetMocksTestExecutionListener, org.springframework.test.context.web.ServletTestExecutionListener, org.springframework.test.context.support.DirtiesContextBeforeModesTestExecutionListener, org.springframework.test.context.event.ApplicationEventsTestExecutionListener, org.springframework.test.context.support.DependencyInjectionTestExecutionListener, org.springframework.test.context.support.DirtiesContextTestExecutionListener, org.springframework.test.context.transaction.TransactionalTestExecutionListener, org.springframework.test.context.jdbc.SqlScriptsTestExecutionListener, org.springframework.test.context.event.EventPublishingTestExecutionListener]
23:00:51.046 [Test worker] DEBUG org.springframework.boot.test.context.SpringBootTestContextBootstrapper - Skipping candidate TestExecutionListener [org.springframework.test.context.web.ServletTestExecutionListener] due to a missing dependency. Specify custom listener classes or make the default listener classes and their required dependencies available. Offending class: [javax/servlet/ServletContext]
23:00:51.058 [Test worker] DEBUG org.springframework.boot.test.context.SpringBootTestContextBootstrapper - Skipping candidate TestExecutionListener [org.springframework.test.context.transaction.TransactionalTestExecutionListener] due to a missing dependency. Specify custom listener classes or make the default listener classes and their required dependencies available. Offending class: [org/springframework/transaction/interceptor/TransactionAttributeSource]
23:00:51.060 [Test worker] DEBUG org.springframework.boot.test.context.SpringBootTestContextBootstrapper - Skipping candidate TestExecutionListener [org.springframework.test.context.jdbc.SqlScriptsTestExecutionListener] due to a missing dependency. Specify custom listener classes or make the default listener classes and their required dependencies available. Offending class: [org/springframework/transaction/interceptor/TransactionAttribute]
23:00:51.072 [Test worker] INFO org.springframework.boot.test.context.SpringBootTestContextBootstrapper - Using TestExecutionListeners: [org.springframework.test.context.support.DirtiesContextBeforeModesTestExecutionListener@773cbf4f, org.springframework.test.context.event.ApplicationEventsTestExecutionListener@6b54655f, org.springframework.boot.test.mock.mockito.MockitoTestExecutionListener@665e9289, org.springframework.boot.test.autoconfigure.SpringBootDependencyInjectionTestExecutionListener@7d3430a7, org.springframework.test.context.support.DirtiesContextTestExecutionListener@6f603e89, org.springframework.test.context.event.EventPublishingTestExecutionListener@2756c0a7, org.springframework.boot.test.autoconfigure.restdocs.RestDocsTestExecutionListener@350ec41e, org.springframework.boot.test.autoconfigure.web.client.MockRestServiceServerResetTestExecutionListener@69637b10, org.springframework.boot.test.autoconfigure.web.servlet.MockMvcPrintOnlyOnFailureTestExecutionListener@71984c3, org.springframework.boot.test.autoconfigure.web.servlet.WebDriverTestExecutionListener@165b2f7f, org.springframework.boot.test.autoconfigure.webservices.client.MockWebServiceServerTestExecutionListener@5536379e, org.springframework.boot.test.mock.mockito.ResetMocksTestExecutionListener@277f7dd3]
23:00:51.096 [Test worker] DEBUG org.springframework.test.context.support.AbstractDirtiesContextTestExecutionListener - Before test class: context [DefaultTestContext@34a97744 testClass = GreetingServiceTest, testInstance = [null], testMethod = [null], testException = [null], mergedContextConfiguration = [MergedContextConfiguration@4275c20c testClass = GreetingServiceTest, locations = '{}', classes = '{class com.dev.sprinboot.lesson.SpringBootLessonApplication}', contextInitializerClasses = '[]', activeProfiles = '{test}', propertySourceLocations = '{}', propertySourceProperties = '{org.springframework.boot.test.context.SpringBootTestContextBootstrapper=true}', contextCustomizers = set[org.springframework.boot.test.autoconfigure.actuate.metrics.MetricsExportContextCustomizerFactory$DisableMetricExportContextCustomizer@1b84f475, org.springframework.boot.test.autoconfigure.properties.PropertyMappingContextCustomizer@0, org.springframework.boot.test.autoconfigure.web.servlet.WebDriverContextCustomizerFactory$Customizer@b7c4869, org.springframework.boot.test.context.filter.ExcludeFilterContextCustomizer@676cf48, org.springframework.boot.test.json.DuplicateJsonObjectContextCustomizerFactory$DuplicateJsonObjectContextCustomizer@29a0cdb, org.springframework.boot.test.mock.mockito.MockitoContextCustomizer@0, org.springframework.boot.test.web.client.TestRestTemplateContextCustomizer@4f9a2c08, org.springframework.boot.test.context.SpringBootTestArgs@1, org.springframework.boot.test.context.SpringBootTestWebEnvironment@41fecb8b], contextLoader = 'org.springframework.boot.test.context.SpringBootContextLoader', parent = [null]], attributes = map[[empty]]], class annotated with @DirtiesContext [false] with mode [null].
23:00:51.230 [Test worker] DEBUG org.springframework.test.context.support.DependencyInjectionTestExecutionListener - Performing dependency injection for test context [[DefaultTestContext@34a97744 testClass = GreetingServiceTest, testInstance = com.dev.sprinboot.lesson.service.GreetingServiceTest@24fb6a80, testMethod = [null], testException = [null], mergedContextConfiguration = [MergedContextConfiguration@4275c20c testClass = GreetingServiceTest, locations = '{}', classes = '{class com.dev.sprinboot.lesson.SpringBootLessonApplication}', contextInitializerClasses = '[]', activeProfiles = '{test}', propertySourceLocations = '{}', propertySourceProperties = '{org.springframework.boot.test.context.SpringBootTestContextBootstrapper=true}', contextCustomizers = set[org.springframework.boot.test.autoconfigure.actuate.metrics.MetricsExportContextCustomizerFactory$DisableMetricExportContextCustomizer@1b84f475, org.springframework.boot.test.autoconfigure.properties.PropertyMappingContextCustomizer@0, org.springframework.boot.test.autoconfigure.web.servlet.WebDriverContextCustomizerFactory$Customizer@b7c4869, org.springframework.boot.test.context.filter.ExcludeFilterContextCustomizer@676cf48, org.springframework.boot.test.json.DuplicateJsonObjectContextCustomizerFactory$DuplicateJsonObjectContextCustomizer@29a0cdb, org.springframework.boot.test.mock.mockito.MockitoContextCustomizer@0, org.springframework.boot.test.web.client.TestRestTemplateContextCustomizer@4f9a2c08, org.springframework.boot.test.context.SpringBootTestArgs@1, org.springframework.boot.test.context.SpringBootTestWebEnvironment@41fecb8b], contextLoader = 'org.springframework.boot.test.context.SpringBootContextLoader', parent = [null]], attributes = map['org.springframework.test.context.event.ApplicationEventsTestExecutionListener.recordApplicationEvents' -> false]]].
23:00:51.376 [Test worker] DEBUG org.springframework.boot.ApplicationEnvironment - Activating profiles []
23:00:51.405 [Test worker] DEBUG org.springframework.test.context.support.TestPropertySourceUtils - Adding inlined properties to environment: {spring.jmx.enabled=false, org.springframework.boot.test.context.SpringBootTestContextBootstrapper=true}

  .   ____          _            __ _ _
 /\\ / ___'_ __ _ _(_)_ __  __ _ \ \ \ \
( ( )\___ | '_ | '_| | '_ \/ _` | \ \ \ \
 \\/  ___)| |_)| | | | | || (_| |  ) ) ) )
  '  |____| .__|_| |_|_| |_\__, | / / / /
 =========|_|==============|___/=/_/_/_/
 :: Spring Boot ::                (v2.6.2)

2024-04-18 23:00:53.838  INFO 3972 --- [    Test worker] c.d.s.l.service.GreetingServiceTest      : Starting GreetingServiceTest using Java 17.0.10 on DESKTOP-PJ8248D with PID 3972 (started by Mers in C:\Users\Mers\Music\spring-boot-lesson)
2024-04-18 23:00:53.841  INFO 3972 --- [    Test worker] c.d.s.l.service.GreetingServiceTest      : The following profiles are active: test
2024-04-18 23:00:55.861  WARN 3972 --- [    Test worker] c.d.s.l.config.ApplicationConfiguration  : app is loaded!!!
2024-04-18 23:00:56.272  INFO 3972 --- [    Test worker] c.d.s.l.service.GreetingServiceTest      : Started GreetingServiceTest in 4.862 seconds (JVM running for 12.577)
]]></system-out>
  <system-err><![CDATA[]]></system-err>
</testsuite>
